2018-04-25 01:34:23.953 INFO  (main) [   ] o.e.j.s.Server jetty-9.3.20.v20170531
2018-04-25 01:34:24.297 INFO  (main) [   ] o.a.s.s.SolrDispatchFilter  ___      _       Welcome to Apache Solr™ version 7.2.1
2018-04-25 01:34:24.297 INFO  (main) [   ] o.a.s.s.SolrDispatchFilter / __| ___| |_ _   Starting in standalone mode on port 8983
2018-04-25 01:34:24.297 INFO  (main) [   ] o.a.s.s.SolrDispatchFilter \__ \/ _ \ | '_|  Install dir: D:\Class Projects\Spring 2018\CSCE 470\DB-Search-Engine\Solr
2018-04-25 01:34:24.297 INFO  (main) [   ] o.a.s.s.SolrDispatchFilter |___/\___/_|_|    Start time: 2018-04-25T01:34:24.297774300Z
2018-04-25 01:34:24.297 INFO  (main) [   ] o.a.s.u.StartupLoggingUtils Property solr.log.muteconsole given. Muting ConsoleAppender named CONSOLE
2018-04-25 01:34:24.344 INFO  (main) [   ] o.a.s.c.SolrResourceLoader Using system property solr.solr.home: D:\Class Projects\Spring 2018\CSCE 470\DB-Search-Engine\Solr\server\solr
2018-04-25 01:34:24.344 INFO  (main) [   ] o.a.s.c.SolrXmlConfig Loading container configuration from D:\Class Projects\Spring 2018\CSCE 470\DB-Search-Engine\Solr\server\solr\solr.xml
2018-04-25 01:34:29.294 INFO  (main) [   ] o.a.s.c.CorePropertiesLocator Found 2 core definitions underneath D:\Class Projects\Spring 2018\CSCE 470\DB-Search-Engine\Solr\server\solr
2018-04-25 01:34:29.294 INFO  (main) [   ] o.a.s.c.CorePropertiesLocator Cores are: [Games, Reviews]
2018-04-25 01:34:29.294 INFO  (coreLoadExecutor-6-thread-2) [   ] o.a.s.c.TransientSolrCoreCacheDefault Allocating transient cache for 2147483647 transient cores
2018-04-25 01:34:29.357 INFO  (coreLoadExecutor-6-thread-1) [   x:Games] o.a.s.c.SolrResourceLoader [Games] Added 53 libs to classloader, from paths: [/D:/Class%20Projects/Spring%202018/CSCE%20470/DB-Search-Engine/Solr/contrib/clustering/lib, /D:/Class%20Projects/Spring%202018/CSCE%20470/DB-Search-Engine/Solr/contrib/extraction/lib, /D:/Class%20Projects/Spring%202018/CSCE%20470/DB-Search-Engine/Solr/contrib/langid/lib, /D:/Class%20Projects/Spring%202018/CSCE%20470/DB-Search-Engine/Solr/contrib/velocity/lib, /D:/Class%20Projects/Spring%202018/CSCE%20470/DB-Search-Engine/Solr/dist]
2018-04-25 01:34:29.357 INFO  (coreLoadExecutor-6-thread-2) [   x:Reviews] o.a.s.c.SolrResourceLoader [Reviews] Added 53 libs to classloader, from paths: [/D:/Class%20Projects/Spring%202018/CSCE%20470/DB-Search-Engine/Solr/contrib/clustering/lib, /D:/Class%20Projects/Spring%202018/CSCE%20470/DB-Search-Engine/Solr/contrib/extraction/lib, /D:/Class%20Projects/Spring%202018/CSCE%20470/DB-Search-Engine/Solr/contrib/langid/lib, /D:/Class%20Projects/Spring%202018/CSCE%20470/DB-Search-Engine/Solr/contrib/velocity/lib, /D:/Class%20Projects/Spring%202018/CSCE%20470/DB-Search-Engine/Solr/dist]
2018-04-25 01:34:29.497 INFO  (coreLoadExecutor-6-thread-1) [   x:Games] o.a.s.c.SolrConfig Using Lucene MatchVersion: 7.2.1
2018-04-25 01:34:29.513 INFO  (coreLoadExecutor-6-thread-2) [   x:Reviews] o.a.s.c.SolrConfig Using Lucene MatchVersion: 7.2.1
2018-04-25 01:34:29.638 INFO  (coreLoadExecutor-6-thread-2) [   x:Reviews] o.a.s.s.IndexSchema [Reviews] Schema name=default-config
2018-04-25 01:34:29.654 INFO  (coreLoadExecutor-6-thread-1) [   x:Games] o.a.s.s.IndexSchema [Games] Schema name=default-config
2018-04-25 01:34:29.685 INFO  (main) [   ] o.e.j.s.Server Started @6510ms
2018-04-25 01:34:30.016 INFO  (coreLoadExecutor-6-thread-2) [   x:Reviews] o.a.s.s.IndexSchema Loaded schema default-config/1.6 with uniqueid field id
2018-04-25 01:34:30.016 INFO  (coreLoadExecutor-6-thread-1) [   x:Games] o.a.s.s.IndexSchema Loaded schema default-config/1.6 with uniqueid field id
2018-04-25 01:34:30.047 INFO  (coreLoadExecutor-6-thread-1) [   x:Games] o.a.s.c.CoreContainer Creating SolrCore 'Games' using configuration from instancedir D:\Class Projects\Spring 2018\CSCE 470\DB-Search-Engine\Solr\server\solr\Games, trusted=true
2018-04-25 01:34:30.047 INFO  (coreLoadExecutor-6-thread-2) [   x:Reviews] o.a.s.c.CoreContainer Creating SolrCore 'Reviews' using configuration from instancedir D:\Class Projects\Spring 2018\CSCE 470\DB-Search-Engine\Solr\server\solr\Reviews, trusted=true
2018-04-25 01:34:30.078 INFO  (coreLoadExecutor-6-thread-1) [   x:Games] o.a.s.c.SolrCore solr.RecoveryStrategy.Builder
2018-04-25 01:34:30.078 INFO  (coreLoadExecutor-6-thread-2) [   x:Reviews] o.a.s.c.SolrCore solr.RecoveryStrategy.Builder
2018-04-25 01:34:30.078 INFO  (coreLoadExecutor-6-thread-1) [   x:Games] o.a.s.c.SolrCore [[Games] ] Opening new SolrCore at [D:\Class Projects\Spring 2018\CSCE 470\DB-Search-Engine\Solr\server\solr\Games], dataDir=[D:\Class Projects\Spring 2018\CSCE 470\DB-Search-Engine\Solr\server\solr\Games\data\]
2018-04-25 01:34:30.078 INFO  (coreLoadExecutor-6-thread-2) [   x:Reviews] o.a.s.c.SolrCore [[Reviews] ] Opening new SolrCore at [D:\Class Projects\Spring 2018\CSCE 470\DB-Search-Engine\Solr\server\solr\Reviews], dataDir=[D:\Class Projects\Spring 2018\CSCE 470\DB-Search-Engine\Solr\server\solr\Reviews\data\]
2018-04-25 01:34:30.110 INFO  (coreLoadExecutor-6-thread-1) [   x:Games] o.a.s.r.XSLTResponseWriter xsltCacheLifetimeSeconds=5
2018-04-25 01:34:30.110 INFO  (coreLoadExecutor-6-thread-2) [   x:Reviews] o.a.s.r.XSLTResponseWriter xsltCacheLifetimeSeconds=5
2018-04-25 01:34:31.069 INFO  (qtp484589713-16) [   ] o.a.s.s.HttpSolrCall [admin] webapp=null path=/admin/info/system params={wt=json} status=0 QTime=25
2018-04-25 01:34:31.443 INFO  (qtp484589713-21) [   ] o.a.s.s.HttpSolrCall [admin] webapp=null path=/admin/cores params={indexInfo=false&wt=json&_=1524620071283} status=0 QTime=0
2018-04-25 01:34:31.460 INFO  (qtp484589713-21) [   ] o.a.s.s.HttpSolrCall [admin] webapp=null path=/admin/info/system params={wt=json&_=1524620071284} status=0 QTime=15
2018-04-25 01:34:31.481 INFO  (qtp484589713-18) [   ] o.a.s.s.HttpSolrCall [admin] webapp=null path=/admin/info/system params={wt=json&_=1524620071284} status=0 QTime=16
2018-04-25 01:34:34.862 INFO  (coreLoadExecutor-6-thread-2) [   x:Reviews] o.a.s.u.UpdateHandler Using UpdateLog implementation: org.apache.solr.update.UpdateLog
2018-04-25 01:34:34.862 INFO  (coreLoadExecutor-6-thread-1) [   x:Games] o.a.s.u.UpdateHandler Using UpdateLog implementation: org.apache.solr.update.UpdateLog
2018-04-25 01:34:34.862 INFO  (coreLoadExecutor-6-thread-2) [   x:Reviews] o.a.s.u.UpdateLog Initializing UpdateLog: dataDir= defaultSyncLevel=FLUSH numRecordsToKeep=100 maxNumLogsToKeep=10 numVersionBuckets=65536
2018-04-25 01:34:34.862 INFO  (coreLoadExecutor-6-thread-1) [   x:Games] o.a.s.u.UpdateLog Initializing UpdateLog: dataDir= defaultSyncLevel=FLUSH numRecordsToKeep=100 maxNumLogsToKeep=10 numVersionBuckets=65536
2018-04-25 01:34:34.893 INFO  (coreLoadExecutor-6-thread-2) [   x:Reviews] o.a.s.u.CommitTracker Hard AutoCommit: if uncommited for 15000ms; 
2018-04-25 01:34:34.893 INFO  (coreLoadExecutor-6-thread-2) [   x:Reviews] o.a.s.u.CommitTracker Soft AutoCommit: disabled
2018-04-25 01:34:34.893 INFO  (coreLoadExecutor-6-thread-1) [   x:Games] o.a.s.u.CommitTracker Hard AutoCommit: if uncommited for 15000ms; 
2018-04-25 01:34:34.893 INFO  (coreLoadExecutor-6-thread-1) [   x:Games] o.a.s.u.CommitTracker Soft AutoCommit: disabled
2018-04-25 01:34:34.971 INFO  (coreLoadExecutor-6-thread-1) [   x:Games] o.a.s.s.SolrIndexSearcher Opening [Searcher@73aebf8a[Games] main]
2018-04-25 01:34:34.971 INFO  (coreLoadExecutor-6-thread-1) [   x:Games] o.a.s.r.ManagedResourceStorage File-based storage initialized to use dir: D:\Class Projects\Spring 2018\CSCE 470\DB-Search-Engine\Solr\server\solr\Games\conf
2018-04-25 01:34:34.987 INFO  (coreLoadExecutor-6-thread-1) [   x:Games] o.a.s.h.c.SpellCheckComponent Initializing spell checkers
2018-04-25 01:34:34.987 INFO  (coreLoadExecutor-6-thread-1) [   x:Games] o.a.s.s.DirectSolrSpellChecker init: {name=default,field=_text_,classname=solr.DirectSolrSpellChecker,distanceMeasure=internal,accuracy=0.5,maxEdits=2,minPrefix=1,maxInspections=5,minQueryLength=4,maxQueryFrequency=0.01}
2018-04-25 01:34:35.002 INFO  (coreLoadExecutor-6-thread-1) [   x:Games] o.a.s.h.ReplicationHandler Commits will be reserved for 10000ms.
2018-04-25 01:34:35.002 INFO  (coreLoadExecutor-6-thread-2) [   x:Reviews] o.a.s.s.SolrIndexSearcher Opening [Searcher@4d013f0c[Reviews] main]
2018-04-25 01:34:35.002 INFO  (coreLoadExecutor-6-thread-2) [   x:Reviews] o.a.s.r.ManagedResourceStorage File-based storage initialized to use dir: D:\Class Projects\Spring 2018\CSCE 470\DB-Search-Engine\Solr\server\solr\Reviews\conf
2018-04-25 01:34:35.002 INFO  (coreLoadExecutor-6-thread-2) [   x:Reviews] o.a.s.h.c.SpellCheckComponent Initializing spell checkers
2018-04-25 01:34:35.002 INFO  (coreLoadExecutor-6-thread-2) [   x:Reviews] o.a.s.s.DirectSolrSpellChecker init: {name=default,field=_text_,classname=solr.DirectSolrSpellChecker,distanceMeasure=internal,accuracy=0.5,maxEdits=2,minPrefix=1,maxInspections=5,minQueryLength=4,maxQueryFrequency=0.01}
2018-04-25 01:34:35.018 INFO  (coreLoadExecutor-6-thread-2) [   x:Reviews] o.a.s.h.ReplicationHandler Commits will be reserved for 10000ms.
2018-04-25 01:34:35.049 INFO  (searcherExecutor-8-thread-1-processing-x:Games) [   x:Games] o.a.s.c.QuerySenderListener QuerySenderListener sending requests to Searcher@73aebf8a[Games] main{ExitableDirectoryReader(UninvertingDirectoryReader(Uninverting(_7(7.2.1):C31224)))}
2018-04-25 01:34:35.049 INFO  (searcherExecutor-8-thread-1-processing-x:Games) [   x:Games] o.a.s.c.QuerySenderListener QuerySenderListener done.
2018-04-25 01:34:35.049 INFO  (searcherExecutor-8-thread-1-processing-x:Games) [   x:Games] o.a.s.h.c.SpellCheckComponent Loading spell index for spellchecker: default
2018-04-25 01:34:35.049 INFO  (searcherExecutor-7-thread-1-processing-x:Reviews) [   x:Reviews] o.a.s.c.QuerySenderListener QuerySenderListener sending requests to Searcher@4d013f0c[Reviews] main{ExitableDirectoryReader(UninvertingDirectoryReader(Uninverting(_f(7.2.1):C50787) Uninverting(_1(7.2.1):C5503) Uninverting(_o(7.2.1):C26398) Uninverting(_j(7.2.1):C5192) Uninverting(_n(7.2.1):C3278) Uninverting(_p(7.2.1):C4657) Uninverting(_q(7.2.1):C5568) Uninverting(_r(7.2.1):C5281) Uninverting(_s(7.2.1):C5545) Uninverting(_t(7.2.1):C5806) Uninverting(_u(7.2.1):C4876) Uninverting(_v(7.2.1):C2471)))}
2018-04-25 01:34:35.049 INFO  (searcherExecutor-7-thread-1-processing-x:Reviews) [   x:Reviews] o.a.s.c.QuerySenderListener QuerySenderListener done.
2018-04-25 01:34:35.049 INFO  (searcherExecutor-7-thread-1-processing-x:Reviews) [   x:Reviews] o.a.s.h.c.SpellCheckComponent Loading spell index for spellchecker: default
2018-04-25 01:34:35.049 INFO  (searcherExecutor-7-thread-1-processing-x:Reviews) [   x:Reviews] o.a.s.c.SolrCore [Reviews] Registered new searcher Searcher@4d013f0c[Reviews] main{ExitableDirectoryReader(UninvertingDirectoryReader(Uninverting(_f(7.2.1):C50787) Uninverting(_1(7.2.1):C5503) Uninverting(_o(7.2.1):C26398) Uninverting(_j(7.2.1):C5192) Uninverting(_n(7.2.1):C3278) Uninverting(_p(7.2.1):C4657) Uninverting(_q(7.2.1):C5568) Uninverting(_r(7.2.1):C5281) Uninverting(_s(7.2.1):C5545) Uninverting(_t(7.2.1):C5806) Uninverting(_u(7.2.1):C4876) Uninverting(_v(7.2.1):C2471)))}
2018-04-25 01:34:35.049 INFO  (searcherExecutor-8-thread-1-processing-x:Games) [   x:Games] o.a.s.c.SolrCore [Games] Registered new searcher Searcher@73aebf8a[Games] main{ExitableDirectoryReader(UninvertingDirectoryReader(Uninverting(_7(7.2.1):C31224)))}
2018-04-25 01:35:41.728 INFO  (qtp484589713-19) [   x:Games] o.a.s.c.S.Request [Games]  webapp=/solr path=/select params={q=app_name:*&json.wrf=on_data&indent=on&start=0&callback=jsonp1524620081774&sort=id+asc&rows=10&version=2.2&wt=json} hits=31221 status=0 QTime=62
2018-04-25 01:35:47.137 INFO  (qtp484589713-20) [   x:Games] o.a.s.c.S.Request [Games]  webapp=/solr path=/select params={q=app_name:Dreams&json.wrf=on_data&indent=on&start=0&callback=jsonp1524620081775&rows=10&version=2.2&wt=json} hits=42 status=0 QTime=10
2018-04-25 01:35:54.118 INFO  (qtp484589713-16) [   x:Games] o.a.s.c.S.Request [Games]  webapp=/solr path=/select params={q=app_name:ALl&json.wrf=on_data&indent=on&start=0&callback=jsonp1524620081776&rows=10&version=2.2&wt=json} hits=156 status=0 QTime=1
2018-04-25 01:36:02.473 INFO  (qtp484589713-22) [   x:Games] o.a.s.c.S.Request [Games]  webapp=/solr path=/select params={q=app_name:what&json.wrf=on_data&indent=on&start=0&callback=jsonp1524620081777&rows=10&version=2.2&wt=json} hits=30 status=0 QTime=0
2018-04-25 01:36:07.634 INFO  (qtp484589713-21) [   x:Games] o.a.s.c.S.Request [Games]  webapp=/solr path=/select params={q=app_name:Sststast&json.wrf=on_data&indent=on&start=0&callback=jsonp1524620081778&rows=10&version=2.2&wt=json} hits=0 status=0 QTime=0
2018-04-25 01:36:09.973 INFO  (qtp484589713-23) [   x:Games] o.a.s.c.S.Request [Games]  webapp=/solr path=/select params={q=app_name:How&json.wrf=on_data&indent=on&start=0&callback=jsonp1524620081779&rows=10&version=2.2&wt=json} hits=33 status=0 QTime=0
2018-04-25 01:36:13.423 INFO  (qtp484589713-18) [   x:Games] o.a.s.c.S.Request [Games]  webapp=/solr path=/select params={q=app_name:Best&json.wrf=on_data&indent=on&start=0&callback=jsonp1524620081780&rows=10&version=2.2&wt=json} hits=12 status=0 QTime=0
2018-04-25 01:36:25.604 INFO  (qtp484589713-14) [   x:Games] o.a.s.c.S.Request [Games]  webapp=/solr path=/select params={q=app_name:Time&json.wrf=on_data&indent=on&start=0&callback=jsonp1524620081781&rows=10&version=2.2&wt=json} hits=173 status=0 QTime=0
2018-04-25 01:37:50.304 INFO  (qtp484589713-19) [   ] o.a.s.s.HttpSolrCall [admin] webapp=null path=/admin/cores params={indexInfo=false&wt=json&_=1524620270172} status=0 QTime=0
2018-04-25 01:37:50.328 INFO  (qtp484589713-19) [   ] o.a.s.s.HttpSolrCall [admin] webapp=null path=/admin/info/system params={wt=json&_=1524620270172} status=0 QTime=23
2018-04-25 01:37:50.346 INFO  (qtp484589713-21) [   ] o.a.s.s.HttpSolrCall [admin] webapp=null path=/admin/info/system params={wt=json&_=1524620270172} status=0 QTime=15
2018-04-25 01:38:23.256 INFO  (qtp484589713-23) [   x:Games] o.a.s.c.S.Request [Games]  webapp=/solr path=/select params={q=app_name:*&json.wrf=on_data&indent=on&start=0&callback=jsonp1524620301363&sort=id+asc&rows=100&version=2.2&wt=json} hits=31221 status=0 QTime=19
2018-04-25 01:38:32.349 INFO  (qtp484589713-22) [   x:Games] o.a.s.c.S.Request [Games]  webapp=/solr path=/select params={q=app_name:*&json.wrf=on_data&indent=on&start=0&callback=jsonp1524620301364&sort=id+asc&rows=100&version=2.2&wt=json} hits=31221 status=0 QTime=0
2018-04-25 01:38:36.842 INFO  (qtp484589713-16) [   x:Games] o.a.s.c.S.Request [Games]  webapp=/solr path=/select params={q=app_name:4900&json.wrf=on_data&indent=on&start=0&callback=jsonp1524620301365&rows=100&version=2.2&wt=json} hits=0 status=0 QTime=0
2018-04-25 01:39:56.116 INFO  (qtp484589713-20) [   x:Games] o.a.s.c.S.Request [Games]  webapp=/solr path=/select params={q=app_name:*&json.wrf=on_data&indent=on&start=0&callback=jsonp1524620336504&sort=id+asc&rows=100&version=2.2&wt=json} hits=31221 status=0 QTime=0
2018-04-25 01:40:09.496 INFO  (qtp484589713-23) [   x:Games] o.a.s.c.S.Request [Games]  webapp=/solr path=/select params={q=app_name:Call&json.wrf=on_data&indent=on&start=0&callback=jsonp1524620336505&rows=100&version=2.2&wt=json} hits=63 status=0 QTime=1
2018-04-25 01:40:20.206 INFO  (qtp484589713-18) [   x:Games] o.a.s.c.S.Request [Games]  webapp=/solr path=/select params={q=app_name:Dreams&json.wrf=on_data&indent=on&start=0&callback=jsonp1524620336506&rows=100&version=2.2&wt=json} hits=42 status=0 QTime=1
2018-04-25 01:40:29.550 INFO  (qtp484589713-14) [   x:Games] o.a.s.c.S.Request [Games]  webapp=/solr path=/select params={q=app_name:Who&json.wrf=on_data&indent=on&start=0&callback=jsonp1524620336507&rows=100&version=2.2&wt=json} hits=19 status=0 QTime=0
